<?xml version="1.0" encoding="UTF-8"?>
<testng-results skipped="0" failed="0" total="1" passed="1">
  <reporter-output>
  </reporter-output>
  <suite name="Testing ANT TestNG" duration-ms="26" started-at="2016-12-03T18:16:01Z" finished-at="2016-12-03T18:16:01Z">
    <groups>
    </groups>
    <test name="practice" duration-ms="26" started-at="2016-12-03T18:16:01Z" finished-at="2016-12-03T18:16:01Z">
      <class name="buildTools.GmailLoginTest">
        <test-method status="PASS" signature="run()[pri:0, instance:buildTools.GmailLoginTest@449b2d27]" name="run" duration-ms="6" started-at="2016-12-03T12:16:01Z" finished-at="2016-12-03T12:16:01Z">
          <reporter-output>
          </reporter-output>
        </test-method> <!-- run -->
      </class> <!-- buildTools.GmailLoginTest -->
    </test> <!-- practice -->
  </suite> <!-- Testing ANT TestNG -->
</testng-results>
